app/build_fix/intermediates/manifest_merge_blame_file/debug/manifest-merger-blame-debug-report.txt
1<?xml version="1.0" encoding="utf-8"?>
2<manifest xmlns:android="http://schemas.android.com/apk/res/android"
3    package="com.zzzjian.music"
4    android:versionCode="1"
5    android:versionName="1.0.0" >
6
7    <uses-sdk
8        android:minSdkVersion="24"
9        android:targetSdkVersion="34" />
10
11    <uses-permission android:name="android.permission.READ_EXTERNAL_STORAGE" />
11-->src\main\AndroidManifest.xml:2:5-80
11-->src\main\AndroidManifest.xml:2:22-77
12    <uses-permission android:name="android.permission.READ_MEDIA_AUDIO" />
12-->src\main\AndroidManifest.xml:3:5-75
12-->src\main\AndroidManifest.xml:3:22-72
13    <uses-permission android:name="android.permission.FOREGROUND_SERVICE" />
13-->src\main\AndroidManifest.xml:4:5-77
13-->src\main\AndroidManifest.xml:4:22-74
14    <uses-permission android:name="android.permission.POST_NOTIFICATIONS" />
14-->src\main\AndroidManifest.xml:5:5-77
14-->src\main\AndroidManifest.xml:5:22-74
15    <uses-permission android:name="android.permission.ACCESS_NETWORK_STATE" />
15-->[com.google.android.exoplayer:exoplayer-core:2.19.1] AndroidManifest.xml:24:5-79
15-->[com.google.android.exoplayer:exoplayer-core:2.19.1] AndroidManifest.xml:24:22-76
16
17    <permission
17-->[androidx.core:core:1.12.0] AndroidManifest.xml:22:5-24:47
18        android:name="com.zzzjian.music.DYNAMIC_RECEIVER_NOT_EXPORTED_PERMISSION"
18-->[androidx.core:core:1.12.0] AndroidManifest.xml:23:9-81
19        android:protectionLevel="signature" />
19-->[androidx.core:core:1.12.0] AndroidManifest.xml:24:9-44
20
21    <uses-permission android:name="com.zzzjian.music.DYNAMIC_RECEIVER_NOT_EXPORTED_PERMISSION" />
21-->[androidx.core:core:1.12.0] AndroidManifest.xml:26:5-97
21-->[androidx.core:core:1.12.0] AndroidManifest.xml:26:22-94
22
23    <application
23-->src\main\AndroidManifest.xml:7:5-15:19
24        android:appComponentFactory="androidx.core.app.CoreComponentFactory"
24-->[androidx.core:core:1.12.0] AndroidManifest.xml:28:18-86
25        android:debuggable="true"
26        android:extractNativeLibs="false"
27        android:icon="@mipmap/ic_launcher"
27-->src\main\AndroidManifest.xml:7:43-77
28        android:label="MusicApp"
28-->src\main\AndroidManifest.xml:7:18-42
29        android:supportsRtl="true" >
29-->src\main\AndroidManifest.xml:7:78-104
30        <activity
30-->src\main\AndroidManifest.xml:8:9-13:20
31            android:name="com.zzzjian.music.MainActivity"
31-->src\main\AndroidManifest.xml:8:19-64
32            android:exported="true" >
32-->src\main\AndroidManifest.xml:8:65-88
33            <intent-filter>
33-->src\main\AndroidManifest.xml:9:13-12:29
34                <action android:name="android.intent.action.MAIN" />
34-->src\main\AndroidManifest.xml:10:17-69
34-->src\main\AndroidManifest.xml:10:25-66
35
36                <category android:name="android.intent.category.LAUNCHER" />
36-->src\main\AndroidManifest.xml:11:17-77
36-->src\main\AndroidManifest.xml:11:27-74
37            </intent-filter>
38        </activity>
39
40        <service
40-->src\main\AndroidManifest.xml:14:9-153
41            android:name="com.zzzjian.music.service.MediaPlaybackService"
41-->src\main\AndroidManifest.xml:14:18-79
42            android:exported="false"
42-->src\main\AndroidManifest.xml:14:80-104
43            android:foregroundServiceType="mediaPlayback" />
43-->src\main\AndroidManifest.xml:14:105-150
44
45        <activity
45-->[androidx.compose.ui:ui-tooling-android:1.5.4] AndroidManifest.xml:23:9-25:39
46            android:name="androidx.compose.ui.tooling.PreviewActivity"
46-->[androidx.compose.ui:ui-tooling-android:1.5.4] AndroidManifest.xml:24:13-71
47            android:exported="true" />
47-->[androidx.compose.ui:ui-tooling-android:1.5.4] AndroidManifest.xml:25:13-36
48
49        <provider
49-->[androidx.emoji2:emoji2:1.4.0] AndroidManifest.xml:24:9-32:20
50            android:name="androidx.startup.InitializationProvider"
50-->[androidx.emoji2:emoji2:1.4.0] AndroidManifest.xml:25:13-67
51            android:authorities="com.zzzjian.music.androidx-startup"
51-->[androidx.emoji2:emoji2:1.4.0] AndroidManifest.xml:26:13-68
52            android:exported="false" >
52-->[androidx.emoji2:emoji2:1.4.0] AndroidManifest.xml:27:13-37
53            <meta-data
53-->[androidx.emoji2:emoji2:1.4.0] AndroidManifest.xml:29:13-31:52
54                android:name="androidx.emoji2.text.EmojiCompatInitializer"
54-->[androidx.emoji2:emoji2:1.4.0] AndroidManifest.xml:30:17-75
55                android:value="androidx.startup" />
55-->[androidx.emoji2:emoji2:1.4.0] AndroidManifest.xml:31:17-49
56            <meta-data
56-->[androidx.lifecycle:lifecycle-process:2.6.2] AndroidManifest.xml:29:13-31:52
57                android:name="androidx.lifecycle.ProcessLifecycleInitializer"
57-->[androidx.lifecycle:lifecycle-process:2.6.2] AndroidManifest.xml:30:17-78
58                android:value="androidx.startup" />
58-->[androidx.lifecycle:lifecycle-process:2.6.2] AndroidManifest.xml:31:17-49
59            <meta-data
59-->[androidx.profileinstaller:profileinstaller:1.3.1] AndroidManifest.xml:29:13-31:52
60                android:name="androidx.profileinstaller.ProfileInstallerInitializer"
60-->[androidx.profileinstaller:profileinstaller:1.3.1] AndroidManifest.xml:30:17-85
61                android:value="androidx.startup" />
61-->[androidx.profileinstaller:profileinstaller:1.3.1] AndroidManifest.xml:31:17-49
62        </provider>
63
64        <receiver
64-->[androidx.profileinstaller:profileinstaller:1.3.1] AndroidManifest.xml:34:9-52:20
65            android:name="androidx.profileinstaller.ProfileInstallReceiver"
65-->[androidx.profileinstaller:profileinstaller:1.3.1] AndroidManifest.xml:35:13-76
66            android:directBootAware="false"
66-->[androidx.profileinstaller:profileinstaller:1.3.1] AndroidManifest.xml:36:13-44
67            android:enabled="true"
67-->[androidx.profileinstaller:profileinstaller:1.3.1] AndroidManifest.xml:37:13-35
68            android:exported="true"
68-->[androidx.profileinstaller:profileinstaller:1.3.1] AndroidManifest.xml:38:13-36
69            android:permission="android.permission.DUMP" >
69-->[androidx.profileinstaller:profileinstaller:1.3.1] AndroidManifest.xml:39:13-57
70            <intent-filter>
70-->[androidx.profileinstaller:profileinstaller:1.3.1] AndroidManifest.xml:40:13-42:29
71                <action android:name="androidx.profileinstaller.action.INSTALL_PROFILE" />
71-->[androidx.profileinstaller:profileinstaller:1.3.1] AndroidManifest.xml:41:17-91
71-->[androidx.profileinstaller:profileinstaller:1.3.1] AndroidManifest.xml:41:25-88
72            </intent-filter>
73            <intent-filter>
73-->[androidx.profileinstaller:profileinstaller:1.3.1] AndroidManifest.xml:43:13-45:29
74                <action android:name="androidx.profileinstaller.action.SKIP_FILE" />
74-->[androidx.profileinstaller:profileinstaller:1.3.1] AndroidManifest.xml:44:17-85
74-->[androidx.profileinstaller:profileinstaller:1.3.1] AndroidManifest.xml:44:25-82
75            </intent-filter>
76            <intent-filter>
76-->[androidx.profileinstaller:profileinstaller:1.3.1] AndroidManifest.xml:46:13-48:29
77                <action android:name="androidx.profileinstaller.action.SAVE_PROFILE" />
77-->[androidx.profileinstaller:profileinstaller:1.3.1] AndroidManifest.xml:47:17-88
77-->[androidx.profileinstaller:profileinstaller:1.3.1] AndroidManifest.xml:47:25-85
78            </intent-filter>
79            <intent-filter>
79-->[androidx.profileinstaller:profileinstaller:1.3.1] AndroidManifest.xml:49:13-51:29
80                <action android:name="androidx.profileinstaller.action.BENCHMARK_OPERATION" />
80-->[androidx.profileinstaller:profileinstaller:1.3.1] AndroidManifest.xml:50:17-95
80-->[androidx.profileinstaller:profileinstaller:1.3.1] AndroidManifest.xml:50:25-92
81            </intent-filter>
82        </receiver>
83    </application>
84
85</manifest>